<?xml version="1.0" encoding="UTF-8"?>
<!-- Generated by org.testng.reporters.JUnitReportReporter -->
<testsuite hostname="DESKTOP-8UP8UQF" failures="0" tests="1" name="seleniumAssignments3.Assignment1" time="11.313" errors="0" timestamp="2021-05-08T13:35:48 CDT" skipped="0">
  <testcase classname="seleniumAssignments3.Assignment1" name="f" time="11.313"/>
  <system-out/>
</testsuite> <!-- seleniumAssignments3.Assignment1 -->
