<?xml version="1.0" encoding="UTF-8"?>
<!-- Generated by org.testng.reporters.JUnitReportReporter -->
<testsuite hostname="DESKTOP-8UP8UQF" failures="0" tests="1" name="seleniumAssignments2.Assignment2" time="29.681" errors="0" timestamp="2021-05-07T15:01:22 CDT" skipped="0">
  <testcase classname="seleniumAssignments2.Assignment2" name="test" time="29.681"/>
  <system-out/>
</testsuite> <!-- seleniumAssignments2.Assignment2 -->
