<?xml version="1.0" encoding="UTF-8"?>
<!-- Generated by org.testng.reporters.JUnitReportReporter -->
<testsuite hostname="DESKTOP-8UP8UQF" failures="0" tests="1" name="seleniumAssignments2.Assignment1" time="0.025" errors="0" timestamp="07 May 2021 14:47:24 GMT" skipped="0">
  <testcase classname="seleniumAssignments2.Assignment1" name="f" time="0.025"/>
</testsuite> <!-- seleniumAssignments2.Assignment1 -->
